TN:
SF:/home/holwech/code/draw/src/timer/Timer.ts
FN:8,(anonymous_0)
FN:16,(anonymous_2)
FN:36,(anonymous_3)
FN:43,(anonymous_4)
FN:47,(anonymous_5)
FN:52,(anonymous_6)
FN:74,(anonymous_7)
FN:95,(anonymous_8)
FN:115,(anonymous_9)
FN:131,(anonymous_10)
FN:132,(anonymous_11)
FNF:11
FNH:8
FNDA:13,(anonymous_0)
FNDA:19,(anonymous_2)
FNDA:0,(anonymous_3)
FNDA:2,(anonymous_4)
FNDA:1,(anonymous_5)
FNDA:14,(anonymous_6)
FNDA:5,(anonymous_7)
FNDA:4,(anonymous_8)
FNDA:2,(anonymous_9)
FNDA:0,(anonymous_10)
FNDA:0,(anonymous_11)
DA:1,1
DA:8,1
DA:9,12
DA:10,12
DA:11,12
DA:12,12
DA:13,12
DA:16,1
DA:19,2
DA:21,8
DA:23,1
DA:25,2
DA:27,6
DA:29,1
DA:31,5
DA:36,1
DA:38,0
DA:40,0
DA:43,1
DA:44,2
DA:47,1
DA:48,1
DA:49,1
DA:52,1
DA:55,9
DA:56,9
DA:58,2
DA:59,2
DA:61,1
DA:62,1
DA:63,1
DA:64,1
DA:66,2
DA:67,2
DA:69,0
DA:71,14
DA:74,1
DA:77,0
DA:78,0
DA:80,3
DA:81,3
DA:83,2
DA:84,2
DA:85,2
DA:86,2
DA:88,0
DA:90,0
DA:92,5
DA:95,1
DA:98,0
DA:100,3
DA:101,3
DA:103,0
DA:105,1
DA:106,1
DA:107,1
DA:108,1
DA:110,0
DA:112,4
DA:115,1
DA:118,0
DA:120,2
DA:121,2
DA:123,0
DA:124,0
DA:126,0
DA:128,2
DA:131,1
DA:132,0
DA:133,0
DA:134,0
DA:135,0
DA:136,0
DA:137,0
DA:140,1
LF:75
LH:55
BRDA:18,0,0,2
BRDA:18,0,1,8
BRDA:18,0,2,1
BRDA:18,0,3,2
BRDA:54,1,0,9
BRDA:54,1,1,2
BRDA:54,1,2,1
BRDA:54,1,3,2
BRDA:54,1,4,0
BRDA:76,2,0,0
BRDA:76,2,1,3
BRDA:76,2,2,2
BRDA:76,2,3,0
BRDA:76,2,4,0
BRDA:97,3,0,0
BRDA:97,3,1,3
BRDA:97,3,2,0
BRDA:97,3,3,1
BRDA:97,3,4,0
BRDA:117,4,0,0
BRDA:117,4,1,2
BRDA:117,4,2,0
BRDA:117,4,3,0
BRF:23
BRH:13
end_of_record
TN:
SF:/home/holwech/code/draw/src/timer/timerInterfaces.ts
FN:1,(anonymous_0)
FNF:1
FNH:1
FNDA:1,(anonymous_0)
DA:1,1
DA:2,1
DA:3,1
DA:4,1
DA:5,1
DA:6,1
LF:6
LH:6
BRDA:1,0,0,1
BRDA:1,0,1,1
BRF:2
BRH:2
end_of_record
